[debug] [2025-06-01T09:03:01.599Z] ----------------------------------------------------------------------
[debug] [2025-06-01T09:03:01.601Z] Command:       /home/strmvlt/.nvm/versions/node/v22.16.0/bin/node /home/strmvlt/.nvm/versions/node/v22.16.0/bin/firebase init
[debug] [2025-06-01T09:03:01.605Z] CLI Version:   14.5.1
[debug] [2025-06-01T09:03:01.606Z] Platform:      linux
[debug] [2025-06-01T09:03:01.606Z] Node Version:  v22.16.0
[debug] [2025-06-01T09:03:01.606Z] Time:          Sun Jun 01 2025 05:03:01 GMT-0400 (Eastern Daylight Time)
[debug] [2025-06-01T09:03:01.606Z] ----------------------------------------------------------------------
[debug] 
[debug] [2025-06-01T09:03:01.609Z] > command requires scopes: ["email","openid","https://www.googleapis.com/auth/cloudplatformprojects.readonly","https://www.googleapis.com/auth/firebase","https://www.googleapis.com/auth/cloud-platform"]
[debug] [2025-06-01T09:03:01.610Z] > authorizing via signed-in user (nicolas@stormvault.net)
[info] 
     ######## #### ########  ######## ########     ###     ######  ########
     ##        ##  ##     ## ##       ##     ##  ##   ##  ##       ##
     ######    ##  ########  ######   ########  #########  ######  ######
     ##        ##  ##    ##  ##       ##     ## ##     ##       ## ##
     ##       #### ##     ## ######## ########  ##     ##  ######  ########

You're about to initialize a Firebase project in this directory:

  /home/strmvlt/git/stormvault.net/blowfish

[debug] [2025-06-01T09:03:03.543Z] ExitPromptError: User force closed the prompt with SIGINT
    at Interface.sigint (/home/strmvlt/.nvm/versions/node/v22.16.0/lib/node_modules/firebase-tools/node_modules/@inquirer/core/dist/commonjs/lib/create-prompt.js:101:37)
    at Interface.emit (node:events:518:28)
    at Interface.emit (node:domain:489:12)
    at [_ttyWrite] [as _ttyWrite] (node:internal/readline/interface:1128:18)
    at ReadStream.onkeypress (node:internal/readline/interface:267:20)
    at ReadStream.emit (node:events:530:35)
    at ReadStream.emit (node:domain:489:12)
    at emitKeys (node:internal/readline/utils:370:14)
    at emitKeys.next (<anonymous>)
    at ReadStream.onData (node:internal/readline/emitKeypressEvents:64:36)
[error] 
[error] Error: An unexpected error has occurred.
